2025-12-23 10:30:41 INFO  [corr=] [app.company_id=] [app.mds.node_id=] [app.user.id"=] [background-preinit] org.hibernate.validator.internal.util.Version - HV000001: Hibernate Validator 8.0.3.Final
2025-12-23 10:30:41 INFO  [corr=] [app.company_id=] [app.mds.node_id=] [app.user.id"=] [main] com.dxc.ms_template.MsTemplateApplication - Starting MsTemplateApplication v0.0.1-SNAPSHOT using Java 17.0.17 with PID 1 (/usr/app/ms-template.jar started by root in /usr/app)
2025-12-23 10:30:41 INFO  [corr=] [app.company_id=] [app.mds.node_id=] [app.user.id"=] [main] com.dxc.ms_template.MsTemplateApplication - No active profile set, falling back to 1 default profile: "default"
2025-12-23 10:30:46 INFO  [corr=] [app.company_id=] [app.mds.node_id=] [app.user.id"=] [main] org.springframework.boot.web.embedded.tomcat.TomcatWebServer - Tomcat initialized with port 8080 (http)
2025-12-23 10:30:46 INFO  [corr=] [app.company_id=] [app.mds.node_id=] [app.user.id"=] [main] org.apache.coyote.http11.Http11NioProtocol - Initializing ProtocolHandler ["http-nio-8080"]
2025-12-23 10:30:46 INFO  [corr=] [app.company_id=] [app.mds.node_id=] [app.user.id"=] [main] org.apache.catalina.core.StandardService - Starting service [Tomcat]
2025-12-23 10:30:46 INFO  [corr=] [app.company_id=] [app.mds.node_id=] [app.user.id"=] [main] org.apache.catalina.core.StandardEngine - Starting Servlet engine: [Apache Tomcat/10.1.49]
2025-12-23 10:30:46 INFO  [corr=] [app.company_id=] [app.mds.node_id=] [app.user.id"=] [main] org.apache.catalina.core.ContainerBase.[Tomcat].[localhost].[/] - Initializing Spring embedded WebApplicationContext
2025-12-23 10:30:46 INFO  [corr=] [app.company_id=] [app.mds.node_id=] [app.user.id"=] [main] org.springframework.boot.web.servlet.context.ServletWebServerApplicationContext - Root WebApplicationContext: initialization completed in 5000 ms
2025-12-23 10:30:49 INFO  [corr=] [app.company_id=] [app.mds.node_id=] [app.user.id"=] [main] org.springframework.boot.actuate.endpoint.web.EndpointLinksResolver - Exposing 4 endpoints beneath base path '/actuator'
2025-12-23 10:30:49 INFO  [corr=] [app.company_id=] [app.mds.node_id=] [app.user.id"=] [main] org.springframework.security.config.annotation.authentication.configuration.InitializeUserDetailsBeanManagerConfigurer$InitializeUserDetailsManagerConfigurer - Global AuthenticationManager configured with UserDetailsService bean with name inMemoryUserDetailsManager
2025-12-23 10:30:51 INFO  [corr=] [app.company_id=] [app.mds.node_id=] [app.user.id"=] [main] org.springframework.ws.soap.addressing.server.AnnotationActionEndpointMapping - Supporting [WS-Addressing August 2004, WS-Addressing 1.0]
2025-12-23 10:30:51 INFO  [corr=] [app.company_id=] [app.mds.node_id=] [app.user.id"=] [main] org.apache.coyote.http11.Http11NioProtocol - Starting ProtocolHandler ["http-nio-8080"]
2025-12-23 10:30:51 INFO  [corr=] [app.company_id=] [app.mds.node_id=] [app.user.id"=] [main] org.springframework.boot.web.embedded.tomcat.TomcatWebServer - Tomcat started on port 8080 (http) with context path '/'
2025-12-23 10:30:51 INFO  [corr=] [app.company_id=] [app.mds.node_id=] [app.user.id"=] [main] com.dxc.ms_template.MsTemplateApplication - Started MsTemplateApplication in 10.985 seconds (process running for 12.262)
2025-12-23 10:32:34 INFO  [corr=] [app.company_id=] [app.mds.node_id=] [app.user.id"=] [http-nio-8080-exec-1] org.apache.catalina.core.ContainerBase.[Tomcat].[localhost].[/] - Initializing Spring DispatcherServlet 'dispatcherServlet'
2025-12-23 10:32:34 INFO  [corr=] [app.company_id=] [app.mds.node_id=] [app.user.id"=] [http-nio-8080-exec-1] org.springframework.web.servlet.DispatcherServlet - Initializing Servlet 'dispatcherServlet'
2025-12-23 10:32:34 INFO  [corr=] [app.company_id=] [app.mds.node_id=] [app.user.id"=] [http-nio-8080-exec-1] org.springframework.web.servlet.DispatcherServlet - Completed initialization in 3 ms
2025-12-23 10:32:34 INFO  [corr=7c605c9a-14e4-4356-856f-044e99bd9e88] [app.company_id=] [app.mds.node_id=] [app.user.id"=] [http-nio-8080-exec-1] com.dxc.ms_template.aspect.LoggingAspect - Entering: HelloController.hello()
2025-12-23 10:32:34 INFO  [corr=7c605c9a-14e4-4356-856f-044e99bd9e88] [app.company_id=] [app.mds.node_id=] [app.user.id"=] [http-nio-8080-exec-1] com.dxc.ms_template.aspect.LoggingAspect - Exiting: HelloController.hello() (1 ms)
